  [1m[35m (868.9ms)[0m  [1m[35mCREATE DATABASE "tunr_app_api_development" ENCODING = 'unicode'[0m
  [1m[35m (318.6ms)[0m  [1m[35mCREATE DATABASE "tunr_app_api_test" ENCODING = 'unicode'[0m
  [1m[35m (53.3ms)[0m  [1m[35mCREATE TABLE "schema_migrations" ("version" character varying NOT NULL PRIMARY KEY)[0m
  [1m[35m (4.9ms)[0m  [1m[35mCREATE TABLE "ar_internal_metadata" ("key" character varying NOT NULL PRIMARY KEY, "value" character varying, "created_at" timestamp(6) NOT NULL, "updated_at" timestamp(6) NOT NULL)[0m
  [1m[35m (0.4ms)[0m  [1m[34mSELECT pg_try_advisory_lock(1874975070089793210)[0m
  [1m[35m (1.3ms)[0m  [1m[34mSELECT "schema_migrations"."version" FROM "schema_migrations" ORDER BY "schema_migrations"."version" ASC[0m
Migrating to CreateSongs (20201116174647)
  [1m[35m (24.8ms)[0m  [1m[35mBEGIN[0m
  [1m[35m (8.0ms)[0m  [1m[35mCREATE TABLE "songs" ("id" bigserial primary key, "title" character varying, "artist_name" character varying, "time" character varying, "created_at" timestamp(6) NOT NULL, "updated_at" timestamp(6) NOT NULL)[0m
  [1m[36mprimary::SchemaMigration Create (1.5ms)[0m  [1m[32mINSERT INTO "schema_migrations" ("version") VALUES ($1) RETURNING "version"[0m  [["version", "20201116174647"]]
  [1m[35m (0.7ms)[0m  [1m[35mCOMMIT[0m
  [1m[36mActiveRecord::InternalMetadata Load (0.5ms)[0m  [1m[34mSELECT "ar_internal_metadata".* FROM "ar_internal_metadata" WHERE "ar_internal_metadata"."key" = $1 LIMIT $2[0m  [["key", "environment"], ["LIMIT", 1]]
  [1m[35m (0.2ms)[0m  [1m[35mBEGIN[0m
  [1m[36mActiveRecord::InternalMetadata Create (1.4ms)[0m  [1m[32mINSERT INTO "ar_internal_metadata" ("key", "value", "created_at", "updated_at") VALUES ($1, $2, $3, $4) RETURNING "key"[0m  [["key", "environment"], ["value", "development"], ["created_at", "2020-11-16 17:47:21.082636"], ["updated_at", "2020-11-16 17:47:21.082636"]]
  [1m[35m (0.5ms)[0m  [1m[35mCOMMIT[0m
  [1m[35m (0.9ms)[0m  [1m[34mSELECT pg_advisory_unlock(1874975070089793210)[0m
  [1m[35m (1.3ms)[0m  [1m[34mSELECT "schema_migrations"."version" FROM "schema_migrations" ORDER BY "schema_migrations"."version" ASC[0m
  [1m[35m (1.3ms)[0m  [1m[34mSELECT "schema_migrations"."version" FROM "schema_migrations" ORDER BY "schema_migrations"."version" ASC[0m
  [1m[35m (1.4ms)[0m  [1m[34mSELECT "schema_migrations"."version" FROM "schema_migrations" ORDER BY "schema_migrations"."version" ASC[0m
  [1m[35m (23.8ms)[0m  [1m[34mSELECT "schema_migrations"."version" FROM "schema_migrations" ORDER BY "schema_migrations"."version" ASC[0m
  [1m[35m (23.6ms)[0m  [1m[35mBEGIN[0m
  [1m[36mSong Create (1.8ms)[0m  [1m[32mINSERT INTO "songs" ("title", "artist_name", "created_at", "updated_at") VALUES ($1, $2, $3, $4) RETURNING "id"[0m  [["title", "Loko photo booth hashtag phlogiston sriracha slow-carb."], ["artist_name", "Arkansas whales"], ["created_at", "2020-11-16 17:49:18.895808"], ["updated_at", "2020-11-16 17:49:18.895808"]]
  [1m[35m (2.6ms)[0m  [1m[35mCOMMIT[0m
  [1m[35m (0.2ms)[0m  [1m[35mBEGIN[0m
  [1m[36mSong Create (1.2ms)[0m  [1m[32mINSERT INTO "songs" ("title", "artist_name", "created_at", "updated_at") VALUES ($1, $2, $3, $4) RETURNING "id"[0m  [["title", "Marfa kale chips keffiyeh hella freegan."], ["artist_name", "Rhode Island lions"], ["created_at", "2020-11-16 17:49:18.939630"], ["updated_at", "2020-11-16 17:49:18.939630"]]
  [1m[35m (24.7ms)[0m  [1m[35mCOMMIT[0m
  [1m[35m (0.2ms)[0m  [1m[35mBEGIN[0m
  [1m[36mSong Create (0.5ms)[0m  [1m[32mINSERT INTO "songs" ("title", "artist_name", "created_at", "updated_at") VALUES ($1, $2, $3, $4) RETURNING "id"[0m  [["title", "Kitsch farm-to-table fingerstache mixtape muggle magic cleanse phlogiston knausgaard."], ["artist_name", "Alabama exorcists"], ["created_at", "2020-11-16 17:49:18.972103"], ["updated_at", "2020-11-16 17:49:18.972103"]]
  [1m[35m (0.5ms)[0m  [1m[35mCOMMIT[0m
  [1m[35m (0.2ms)[0m  [1m[35mBEGIN[0m
  [1m[36mSong Create (0.5ms)[0m  [1m[32mINSERT INTO "songs" ("title", "artist_name", "created_at", "updated_at") VALUES ($1, $2, $3, $4) RETURNING "id"[0m  [["title", "Narwhal normcore raw denim drinking kickstarter brooklyn +1."], ["artist_name", "New York dragons"], ["created_at", "2020-11-16 17:49:18.977521"], ["updated_at", "2020-11-16 17:49:18.977521"]]
  [1m[35m (0.4ms)[0m  [1m[35mCOMMIT[0m
  [1m[35m (0.3ms)[0m  [1m[35mBEGIN[0m
  [1m[36mSong Create (0.8ms)[0m  [1m[32mINSERT INTO "songs" ("title", "artist_name", "created_at", "updated_at") VALUES ($1, $2, $3, $4) RETURNING "id"[0m  [["title", "Fingerstache cold-pressed helvetica meditation biodiesel venmo iphone forage."], ["artist_name", "Alaska ghosts"], ["created_at", "2020-11-16 17:49:18.983500"], ["updated_at", "2020-11-16 17:49:18.983500"]]
  [1m[35m (0.5ms)[0m  [1m[35mCOMMIT[0m
  [1m[35m (0.2ms)[0m  [1m[35mBEGIN[0m
  [1m[36mSong Create (0.7ms)[0m  [1m[32mINSERT INTO "songs" ("title", "artist_name", "created_at", "updated_at") VALUES ($1, $2, $3, $4) RETURNING "id"[0m  [["title", "Keytar small batch etsy health swag plaid."], ["artist_name", "South Carolina birds"], ["created_at", "2020-11-16 17:49:18.990666"], ["updated_at", "2020-11-16 17:49:18.990666"]]
  [1m[35m (25.4ms)[0m  [1m[35mCOMMIT[0m
  [1m[35m (0.2ms)[0m  [1m[35mBEGIN[0m
  [1m[36mSong Create (0.4ms)[0m  [1m[32mINSERT INTO "songs" ("title", "artist_name", "created_at", "updated_at") VALUES ($1, $2, $3, $4) RETURNING "id"[0m  [["title", "Semiotics knausgaard raw denim sustainable farm-to-table."], ["artist_name", "South Dakota birds"], ["created_at", "2020-11-16 17:49:19.021429"], ["updated_at", "2020-11-16 17:49:19.021429"]]
  [1m[35m (0.4ms)[0m  [1m[35mCOMMIT[0m
  [1m[35m (0.4ms)[0m  [1m[35mBEGIN[0m
  [1m[36mSong Create (0.4ms)[0m  [1m[32mINSERT INTO "songs" ("title", "artist_name", "created_at", "updated_at") VALUES ($1, $2, $3, $4) RETURNING "id"[0m  [["title", "Brunch yuccie cardigan park."], ["artist_name", "Washington kangaroos"], ["created_at", "2020-11-16 17:49:19.025330"], ["updated_at", "2020-11-16 17:49:19.025330"]]
  [1m[35m (0.5ms)[0m  [1m[35mCOMMIT[0m
  [1m[35m (0.2ms)[0m  [1m[35mBEGIN[0m
  [1m[36mSong Create (0.4ms)[0m  [1m[32mINSERT INTO "songs" ("title", "artist_name", "created_at", "updated_at") VALUES ($1, $2, $3, $4) RETURNING "id"[0m  [["title", "Pitchfork wes anderson occupy."], ["artist_name", "Washington geese"], ["created_at", "2020-11-16 17:49:19.029949"], ["updated_at", "2020-11-16 17:49:19.029949"]]
  [1m[35m (0.5ms)[0m  [1m[35mCOMMIT[0m
  [1m[35m (0.2ms)[0m  [1m[35mBEGIN[0m
  [1m[36mSong Create (0.5ms)[0m  [1m[32mINSERT INTO "songs" ("title", "artist_name", "created_at", "updated_at") VALUES ($1, $2, $3, $4) RETURNING "id"[0m  [["title", "Direct trade aesthetic heirloom bicycle rights swag beard taxidermy."], ["artist_name", "Nevada bats"], ["created_at", "2020-11-16 17:49:19.034391"], ["updated_at", "2020-11-16 17:49:19.034391"]]
  [1m[35m (0.5ms)[0m  [1m[35mCOMMIT[0m
Started GET "/songs" for ::1 at 2020-11-16 09:49:58 -0800
  [1m[35m (2.2ms)[0m  [1m[34mSELECT "schema_migrations"."version" FROM "schema_migrations" ORDER BY "schema_migrations"."version" ASC[0m
Processing by SongsController#index as HTML
  [1m[36mSong Load (38.0ms)[0m  [1m[34mSELECT "songs".* FROM "songs"[0m
  ↳ app/controllers/songs_controller.rb:8:in `index'
Completed 200 OK in 141ms (Views: 18.0ms | ActiveRecord: 119.9ms | Allocations: 5964)


Started GET "/songs" for ::1 at 2020-11-16 09:58:47 -0800
  [1m[35m (2.0ms)[0m  [1m[34mSELECT "schema_migrations"."version" FROM "schema_migrations" ORDER BY "schema_migrations"."version" ASC[0m
Processing by SongsController#index as HTML
  [1m[36mSong Load (16.1ms)[0m  [1m[34mSELECT "songs".* FROM "songs"[0m
  ↳ app/controllers/songs_controller.rb:8:in `index'
Completed 200 OK in 92ms (Views: 25.4ms | ActiveRecord: 58.4ms | Allocations: 5979)


  [1m[35m (1.9ms)[0m  [1m[34mSELECT "schema_migrations"."version" FROM "schema_migrations" ORDER BY "schema_migrations"."version" ASC[0m
  [1m[35m (0.4ms)[0m  [1m[35mBEGIN[0m
  [1m[36mSong Create (2.0ms)[0m  [1m[32mINSERT INTO "songs" ("title", "artist_name", "time", "created_at", "updated_at") VALUES ($1, $2, $3, $4, $5) RETURNING "id"[0m  [["title", "Kinfolk listicle tilde messenger bag."], ["artist_name", "Alabama exorcists"], ["time", "Faker::Time"], ["created_at", "2020-11-16 18:40:12.141899"], ["updated_at", "2020-11-16 18:40:12.141899"]]
  [1m[35m (19.1ms)[0m  [1m[35mCOMMIT[0m
  [1m[35m (0.3ms)[0m  [1m[35mBEGIN[0m
  [1m[36mSong Create (0.6ms)[0m  [1m[32mINSERT INTO "songs" ("title", "artist_name", "time", "created_at", "updated_at") VALUES ($1, $2, $3, $4, $5) RETURNING "id"[0m  [["title", "Franzen sriracha shoreditch."], ["artist_name", "Oklahoma ghosts"], ["time", "Faker::Time"], ["created_at", "2020-11-16 18:40:12.177198"], ["updated_at", "2020-11-16 18:40:12.177198"]]
  [1m[35m (0.5ms)[0m  [1m[35mCOMMIT[0m
  [1m[35m (0.5ms)[0m  [1m[35mBEGIN[0m
  [1m[36mSong Create (0.6ms)[0m  [1m[32mINSERT INTO "songs" ("title", "artist_name", "time", "created_at", "updated_at") VALUES ($1, $2, $3, $4, $5) RETURNING "id"[0m  [["title", "Cred tattooed jean shorts salvia five dollar toast."], ["artist_name", "Texas chickens"], ["time", "Faker::Time"], ["created_at", "2020-11-16 18:40:12.183050"], ["updated_at", "2020-11-16 18:40:12.183050"]]
  [1m[35m (0.6ms)[0m  [1m[35mCOMMIT[0m
  [1m[35m (0.3ms)[0m  [1m[35mBEGIN[0m
  [1m[36mSong Create (1.6ms)[0m  [1m[32mINSERT INTO "songs" ("title", "artist_name", "time", "created_at", "updated_at") VALUES ($1, $2, $3, $4, $5) RETURNING "id"[0m  [["title", "Five dollar toast helvetica schlitz church-key trust fund."], ["artist_name", "Tennessee sons"], ["time", "Faker::Time"], ["created_at", "2020-11-16 18:40:12.190231"], ["updated_at", "2020-11-16 18:40:12.190231"]]
  [1m[35m (1.1ms)[0m  [1m[35mCOMMIT[0m
  [1m[35m (0.3ms)[0m  [1m[35mBEGIN[0m
  [1m[36mSong Create (24.7ms)[0m  [1m[32mINSERT INTO "songs" ("title", "artist_name", "time", "created_at", "updated_at") VALUES ($1, $2, $3, $4, $5) RETURNING "id"[0m  [["title", "Tofu green juice thundercats deep v cred beard."], ["artist_name", "Illinois dolphins"], ["time", "Faker::Time"], ["created_at", "2020-11-16 18:40:12.198773"], ["updated_at", "2020-11-16 18:40:12.198773"]]
  [1m[35m (2.4ms)[0m  [1m[35mCOMMIT[0m
  [1m[35m (0.3ms)[0m  [1m[35mBEGIN[0m
  [1m[36mSong Create (12.7ms)[0m  [1m[32mINSERT INTO "songs" ("title", "artist_name", "time", "created_at", "updated_at") VALUES ($1, $2, $3, $4, $5) RETURNING "id"[0m  [["title", "Diy knausgaard pork belly messenger bag."], ["artist_name", "Kansas spiders"], ["time", "Faker::Time"], ["created_at", "2020-11-16 18:40:12.231054"], ["updated_at", "2020-11-16 18:40:12.231054"]]
  [1m[35m (26.2ms)[0m  [1m[35mCOMMIT[0m
  [1m[35m (0.2ms)[0m  [1m[35mBEGIN[0m
  [1m[36mSong Create (1.3ms)[0m  [1m[32mINSERT INTO "songs" ("title", "artist_name", "time", "created_at", "updated_at") VALUES ($1, $2, $3, $4, $5) RETURNING "id"[0m  [["title", "Kinfolk fashion axe five dollar toast lumbersexual food truck."], ["artist_name", "Kentucky lions"], ["time", "Faker::Time"], ["created_at", "2020-11-16 18:40:12.276740"], ["updated_at", "2020-11-16 18:40:12.276740"]]
  [1m[35m (0.6ms)[0m  [1m[35mCOMMIT[0m
  [1m[35m (1.0ms)[0m  [1m[35mBEGIN[0m
  [1m[36mSong Create (0.6ms)[0m  [1m[32mINSERT INTO "songs" ("title", "artist_name", "time", "created_at", "updated_at") VALUES ($1, $2, $3, $4, $5) RETURNING "id"[0m  [["title", "Mlkshk chicharrones squid diy semiotics."], ["artist_name", "New Jersey banshees"], ["time", "Faker::Time"], ["created_at", "2020-11-16 18:40:12.283075"], ["updated_at", "2020-11-16 18:40:12.283075"]]
  [1m[35m (0.6ms)[0m  [1m[35mCOMMIT[0m
  [1m[35m (0.3ms)[0m  [1m[35mBEGIN[0m
  [1m[36mSong Create (0.7ms)[0m  [1m[32mINSERT INTO "songs" ("title", "artist_name", "time", "created_at", "updated_at") VALUES ($1, $2, $3, $4, $5) RETURNING "id"[0m  [["title", "Whatever humblebrag try-hard goth celiac put a bird on it lomo cray."], ["artist_name", "California bees"], ["time", "Faker::Time"], ["created_at", "2020-11-16 18:40:12.290931"], ["updated_at", "2020-11-16 18:40:12.290931"]]
  [1m[35m (0.6ms)[0m  [1m[35mCOMMIT[0m
  [1m[35m (0.3ms)[0m  [1m[35mBEGIN[0m
  [1m[36mSong Create (24.9ms)[0m  [1m[32mINSERT INTO "songs" ("title", "artist_name", "time", "created_at", "updated_at") VALUES ($1, $2, $3, $4, $5) RETURNING "id"[0m  [["title", "Phlogiston schlitz scenester intelligentsia normcore."], ["artist_name", "Tennessee elephants"], ["time", "Faker::Time"], ["created_at", "2020-11-16 18:40:12.298566"], ["updated_at", "2020-11-16 18:40:12.298566"]]
  [1m[35m (0.6ms)[0m  [1m[35mCOMMIT[0m
Started GET "/songs" for ::1 at 2020-11-16 10:40:28 -0800
  [1m[35m (27.9ms)[0m  [1m[34mSELECT "schema_migrations"."version" FROM "schema_migrations" ORDER BY "schema_migrations"."version" ASC[0m
Processing by SongsController#index as HTML
  [1m[36mSong Load (22.9ms)[0m  [1m[34mSELECT "songs".* FROM "songs"[0m
  ↳ app/controllers/songs_controller.rb:8:in `index'
Completed 200 OK in 128ms (Views: 55.5ms | ActiveRecord: 69.8ms | Allocations: 7189)


  [1m[35m (2.5ms)[0m  [1m[34mSELECT "schema_migrations"."version" FROM "schema_migrations" ORDER BY "schema_migrations"."version" ASC[0m
  [1m[35m (25.9ms)[0m  [1m[34mSELECT "schema_migrations"."version" FROM "schema_migrations" ORDER BY "schema_migrations"."version" ASC[0m
  [1m[35m (11.5ms)[0m  [1m[35mBEGIN[0m
  [1m[36mSong Create (15.5ms)[0m  [1m[32mINSERT INTO "songs" ("title", "artist_name", "time", "created_at", "updated_at") VALUES ($1, $2, $3, $4, $5) RETURNING "id"[0m  [["title", "Paralyzer"], ["artist_name", "Finger Eleven"], ["time", "3:28"], ["created_at", "2020-11-16 19:03:57.854243"], ["updated_at", "2020-11-16 19:03:57.854243"]]
  [1m[35m (1.7ms)[0m  [1m[35mCOMMIT[0m
  [1m[35m (0.2ms)[0m  [1m[35mBEGIN[0m
  [1m[36mSong Create (0.6ms)[0m  [1m[32mINSERT INTO "songs" ("title", "artist_name", "time", "created_at", "updated_at") VALUES ($1, $2, $3, $4, $5) RETURNING "id"[0m  [["title", "Lips Of An Angel"], ["artist_name", "Hinder"], ["time", "4:21"], ["created_at", "2020-11-16 19:03:57.887443"], ["updated_at", "2020-11-16 19:03:57.887443"]]
  [1m[35m (25.2ms)[0m  [1m[35mCOMMIT[0m
  [1m[35m (0.3ms)[0m  [1m[35mBEGIN[0m
  [1m[36mSong Create (0.6ms)[0m  [1m[32mINSERT INTO "songs" ("title", "artist_name", "time", "created_at", "updated_at") VALUES ($1, $2, $3, $4, $5) RETURNING "id"[0m  [["title", "Semi-Charmed Life"], ["artist_name", "Third Eye Blind"], ["time", "4:28"], ["created_at", "2020-11-16 19:03:57.917408"], ["updated_at", "2020-11-16 19:03:57.917408"]]
  [1m[35m (0.7ms)[0m  [1m[35mCOMMIT[0m
  [1m[35m (0.2ms)[0m  [1m[35mBEGIN[0m
  [1m[36mSong Create (0.6ms)[0m  [1m[32mINSERT INTO "songs" ("title", "artist_name", "time", "created_at", "updated_at") VALUES ($1, $2, $3, $4, $5) RETURNING "id"[0m  [["title", "Funny Thing"], ["artist_name", "Thundercat"], ["time", "1:56"], ["created_at", "2020-11-16 19:03:57.922692"], ["updated_at", "2020-11-16 19:03:57.922692"]]
  [1m[35m (0.7ms)[0m  [1m[35mCOMMIT[0m
  [1m[35m (0.8ms)[0m  [1m[35mBEGIN[0m
  [1m[36mSong Create (0.9ms)[0m  [1m[32mINSERT INTO "songs" ("title", "artist_name", "time", "created_at", "updated_at") VALUES ($1, $2, $3, $4, $5) RETURNING "id"[0m  [["title", "Hesitate"], ["artist_name", "Golden Vessel, Emerson Leif"], ["time", "4:11"], ["created_at", "2020-11-16 19:03:57.927630"], ["updated_at", "2020-11-16 19:03:57.927630"]]
  [1m[35m (0.7ms)[0m  [1m[35mCOMMIT[0m
  [1m[35m (0.4ms)[0m  [1m[35mBEGIN[0m
  [1m[36mSong Create (1.0ms)[0m  [1m[32mINSERT INTO "songs" ("title", "artist_name", "time", "created_at", "updated_at") VALUES ($1, $2, $3, $4, $5) RETURNING "id"[0m  [["title", "Long Train Runnin"], ["artist_name", "The Doobie Brothers"], ["time", "3:27"], ["created_at", "2020-11-16 19:03:57.937047"], ["updated_at", "2020-11-16 19:03:57.937047"]]
  [1m[35m (24.0ms)[0m  [1m[35mCOMMIT[0m
  [1m[35m (0.3ms)[0m  [1m[35mBEGIN[0m
  [1m[36mSong Create (0.5ms)[0m  [1m[32mINSERT INTO "songs" ("title", "artist_name", "time", "created_at", "updated_at") VALUES ($1, $2, $3, $4, $5) RETURNING "id"[0m  [["title", "Welcome To The Jungle"], ["artist_name", "Guns N Roses"], ["time", "4:34"], ["created_at", "2020-11-16 19:03:57.967774"], ["updated_at", "2020-11-16 19:03:57.967774"]]
  [1m[35m (0.6ms)[0m  [1m[35mCOMMIT[0m
  [1m[35m (0.2ms)[0m  [1m[35mBEGIN[0m
  [1m[36mSong Create (0.7ms)[0m  [1m[32mINSERT INTO "songs" ("title", "artist_name", "time", "created_at", "updated_at") VALUES ($1, $2, $3, $4, $5) RETURNING "id"[0m  [["title", "Cocaine"], ["artist_name", "Eric Clapton"], ["time", "3:41"], ["created_at", "2020-11-16 19:03:57.973163"], ["updated_at", "2020-11-16 19:03:57.973163"]]
  [1m[35m (0.5ms)[0m  [1m[35mCOMMIT[0m
  [1m[35m (0.3ms)[0m  [1m[35mBEGIN[0m
  [1m[36mSong Create (0.7ms)[0m  [1m[32mINSERT INTO "songs" ("title", "artist_name", "time", "created_at", "updated_at") VALUES ($1, $2, $3, $4, $5) RETURNING "id"[0m  [["title", "(Dont Fear) The Reaper"], ["artist_name", "Blue Oyster Cult"], ["time", "5:08"], ["created_at", "2020-11-16 19:03:57.978745"], ["updated_at", "2020-11-16 19:03:57.978745"]]
  [1m[35m (0.9ms)[0m  [1m[35mCOMMIT[0m
  [1m[35m (0.4ms)[0m  [1m[35mBEGIN[0m
  [1m[36mSong Create (25.7ms)[0m  [1m[32mINSERT INTO "songs" ("title", "artist_name", "time", "created_at", "updated_at") VALUES ($1, $2, $3, $4, $5) RETURNING "id"[0m  [["title", "Fortunate Son"], ["artist_name", "Creedence Clearwater Revival"], ["time", "2:20"], ["created_at", "2020-11-16 19:03:57.988840"], ["updated_at", "2020-11-16 19:03:57.988840"]]
  [1m[35m (0.8ms)[0m  [1m[35mCOMMIT[0m
  [1m[35m (2.0ms)[0m  [1m[34mSELECT "schema_migrations"."version" FROM "schema_migrations" ORDER BY "schema_migrations"."version" ASC[0m
  [1m[35m (8.2ms)[0m  [1m[35mBEGIN[0m
  [1m[36mSong Create (3.3ms)[0m  [1m[32mINSERT INTO "songs" ("title", "artist_name", "time", "created_at", "updated_at") VALUES ($1, $2, $3, $4, $5) RETURNING "id"[0m  [["title", "Paralyzer"], ["artist_name", "Finger Eleven"], ["time", "3:28"], ["created_at", "2020-11-16 19:11:28.648317"], ["updated_at", "2020-11-16 19:11:28.648317"]]
  [1m[35m (0.8ms)[0m  [1m[35mCOMMIT[0m
  [1m[35m (0.4ms)[0m  [1m[35mBEGIN[0m
  [1m[36mSong Create (0.6ms)[0m  [1m[32mINSERT INTO "songs" ("title", "artist_name", "time", "created_at", "updated_at") VALUES ($1, $2, $3, $4, $5) RETURNING "id"[0m  [["title", "Lips Of An Angel"], ["artist_name", "Hinder"], ["time", "4:21"], ["created_at", "2020-11-16 19:11:28.665130"], ["updated_at", "2020-11-16 19:11:28.665130"]]
  [1m[35m (0.7ms)[0m  [1m[35mCOMMIT[0m
  [1m[35m (0.3ms)[0m  [1m[35mBEGIN[0m
  [1m[36mSong Create (0.6ms)[0m  [1m[32mINSERT INTO "songs" ("title", "artist_name", "time", "created_at", "updated_at") VALUES ($1, $2, $3, $4, $5) RETURNING "id"[0m  [["title", "Semi-Charmed Life"], ["artist_name", "Third Eye Blind"], ["time", "4:28"], ["created_at", "2020-11-16 19:11:28.672353"], ["updated_at", "2020-11-16 19:11:28.672353"]]
  [1m[35m (0.7ms)[0m  [1m[35mCOMMIT[0m
  [1m[35m (0.4ms)[0m  [1m[35mBEGIN[0m
  [1m[36mSong Create (25.0ms)[0m  [1m[32mINSERT INTO "songs" ("title", "artist_name", "time", "created_at", "updated_at") VALUES ($1, $2, $3, $4, $5) RETURNING "id"[0m  [["title", "Funny Thing"], ["artist_name", "Thundercat"], ["time", "1:56"], ["created_at", "2020-11-16 19:11:28.679792"], ["updated_at", "2020-11-16 19:11:28.679792"]]
  [1m[35m (0.5ms)[0m  [1m[35mCOMMIT[0m
  [1m[35m (0.3ms)[0m  [1m[35mBEGIN[0m
  [1m[36mSong Create (0.6ms)[0m  [1m[32mINSERT INTO "songs" ("title", "artist_name", "time", "created_at", "updated_at") VALUES ($1, $2, $3, $4, $5) RETURNING "id"[0m  [["title", "Hesitate"], ["artist_name", "Golden Vessel, Emerson Leif"], ["time", "4:11"], ["created_at", "2020-11-16 19:11:28.710961"], ["updated_at", "2020-11-16 19:11:28.710961"]]
  [1m[35m (0.5ms)[0m  [1m[35mCOMMIT[0m
  [1m[35m (0.3ms)[0m  [1m[35mBEGIN[0m
  [1m[36mSong Create (0.7ms)[0m  [1m[32mINSERT INTO "songs" ("title", "artist_name", "time", "created_at", "updated_at") VALUES ($1, $2, $3, $4, $5) RETURNING "id"[0m  [["title", "Long Train Runnin"], ["artist_name", "The Doobie Brothers"], ["time", "3:27"], ["created_at", "2020-11-16 19:11:28.717297"], ["updated_at", "2020-11-16 19:11:28.717297"]]
  [1m[35m (0.5ms)[0m  [1m[35mCOMMIT[0m
  [1m[35m (0.3ms)[0m  [1m[35mBEGIN[0m
  [1m[36mSong Create (0.7ms)[0m  [1m[32mINSERT INTO "songs" ("title", "artist_name", "time", "created_at", "updated_at") VALUES ($1, $2, $3, $4, $5) RETURNING "id"[0m  [["title", "Welcome To The Jungle"], ["artist_name", "Guns N Roses"], ["time", "4:34"], ["created_at", "2020-11-16 19:11:28.724501"], ["updated_at", "2020-11-16 19:11:28.724501"]]
  [1m[35m (0.6ms)[0m  [1m[35mCOMMIT[0m
  [1m[35m (24.7ms)[0m  [1m[35mBEGIN[0m
  [1m[36mSong Create (0.7ms)[0m  [1m[32mINSERT INTO "songs" ("title", "artist_name", "time", "created_at", "updated_at") VALUES ($1, $2, $3, $4, $5) RETURNING "id"[0m  [["title", "Cocaine"], ["artist_name", "Eric Clapton"], ["time", "3:41"], ["created_at", "2020-11-16 19:11:28.732208"], ["updated_at", "2020-11-16 19:11:28.732208"]]
  [1m[35m (0.5ms)[0m  [1m[35mCOMMIT[0m
  [1m[35m (0.3ms)[0m  [1m[35mBEGIN[0m
  [1m[36mSong Create (0.6ms)[0m  [1m[32mINSERT INTO "songs" ("title", "artist_name", "time", "created_at", "updated_at") VALUES ($1, $2, $3, $4, $5) RETURNING "id"[0m  [["title", "(Dont Fear) The Reaper"], ["artist_name", "Blue Oyster Cult"], ["time", "5:08"], ["created_at", "2020-11-16 19:11:28.762053"], ["updated_at", "2020-11-16 19:11:28.762053"]]
  [1m[35m (0.6ms)[0m  [1m[35mCOMMIT[0m
  [1m[35m (0.3ms)[0m  [1m[35mBEGIN[0m
  [1m[36mSong Create (0.7ms)[0m  [1m[32mINSERT INTO "songs" ("title", "artist_name", "time", "created_at", "updated_at") VALUES ($1, $2, $3, $4, $5) RETURNING "id"[0m  [["title", "Fortunate Son"], ["artist_name", "Creedence Clearwater Revival"], ["time", "2:20"], ["created_at", "2020-11-16 19:11:28.768327"], ["updated_at", "2020-11-16 19:11:28.768327"]]
  [1m[35m (0.7ms)[0m  [1m[35mCOMMIT[0m
Started GET "/songs" for ::1 at 2020-11-16 11:12:38 -0800
  [1m[35m (2.4ms)[0m  [1m[34mSELECT "schema_migrations"."version" FROM "schema_migrations" ORDER BY "schema_migrations"."version" ASC[0m
Processing by SongsController#index as HTML
  [1m[36mSong Load (19.8ms)[0m  [1m[34mSELECT "songs".* FROM "songs"[0m
  ↳ app/controllers/songs_controller.rb:8:in `index'
Completed 200 OK in 99ms (Views: 35.5ms | ActiveRecord: 60.3ms | Allocations: 9596)


Started GET "/" for ::1 at 2020-11-16 11:13:00 -0800
Processing by Rails::WelcomeController#index as HTML
  Rendering /Users/starktower/.rbenv/versions/2.7.1/lib/ruby/gems/2.7.0/gems/railties-6.0.3.4/lib/rails/templates/rails/welcome/index.html.erb
  Rendered /Users/starktower/.rbenv/versions/2.7.1/lib/ruby/gems/2.7.0/gems/railties-6.0.3.4/lib/rails/templates/rails/welcome/index.html.erb (Duration: 13.3ms | Allocations: 409)
Completed 200 OK in 39ms (Views: 26.1ms | ActiveRecord: 0.0ms | Allocations: 2251)


Started GET "/songs" for ::1 at 2020-11-16 11:13:05 -0800
Processing by SongsController#index as HTML
  [1m[36mSong Load (1.1ms)[0m  [1m[34mSELECT "songs".* FROM "songs"[0m
  ↳ app/controllers/songs_controller.rb:8:in `index'
Completed 200 OK in 20ms (Views: 18.3ms | ActiveRecord: 1.1ms | Allocations: 5610)


  [1m[35m (2.1ms)[0m  [1m[34mSELECT "schema_migrations"."version" FROM "schema_migrations" ORDER BY "schema_migrations"."version" ASC[0m
  [1m[35m (0.3ms)[0m  [1m[35mBEGIN[0m
  [1m[36mSong Create (1.6ms)[0m  [1m[32mINSERT INTO "songs" ("title", "artist_name", "time", "created_at", "updated_at") VALUES ($1, $2, $3, $4, $5) RETURNING "id"[0m  [["title", "Paralyzer"], ["artist_name", "Finger Eleven"], ["time", "3:28"], ["created_at", "2020-11-16 19:14:56.013019"], ["updated_at", "2020-11-16 19:14:56.013019"]]
  [1m[35m (1.4ms)[0m  [1m[35mCOMMIT[0m
  [1m[35m (0.3ms)[0m  [1m[35mBEGIN[0m
  [1m[36mSong Create (0.5ms)[0m  [1m[32mINSERT INTO "songs" ("title", "artist_name", "time", "created_at", "updated_at") VALUES ($1, $2, $3, $4, $5) RETURNING "id"[0m  [["title", "Lips Of An Angel"], ["artist_name", "Hinder"], ["time", "4:21"], ["created_at", "2020-11-16 19:14:56.021920"], ["updated_at", "2020-11-16 19:14:56.021920"]]
  [1m[35m (0.6ms)[0m  [1m[35mCOMMIT[0m
  [1m[35m (0.2ms)[0m  [1m[35mBEGIN[0m
  [1m[36mSong Create (0.5ms)[0m  [1m[32mINSERT INTO "songs" ("title", "artist_name", "time", "created_at", "updated_at") VALUES ($1, $2, $3, $4, $5) RETURNING "id"[0m  [["title", "Semi-Charmed Life"], ["artist_name", "Third Eye Blind"], ["time", "4:28"], ["created_at", "2020-11-16 19:14:56.027366"], ["updated_at", "2020-11-16 19:14:56.027366"]]
  [1m[35m (0.5ms)[0m  [1m[35mCOMMIT[0m
  [1m[35m (0.2ms)[0m  [1m[35mBEGIN[0m
  [1m[36mSong Create (0.5ms)[0m  [1m[32mINSERT INTO "songs" ("title", "artist_name", "time", "created_at", "updated_at") VALUES ($1, $2, $3, $4, $5) RETURNING "id"[0m  [["title", "Funny Thing"], ["artist_name", "Thundercat"], ["time", "1:56"], ["created_at", "2020-11-16 19:14:56.033186"], ["updated_at", "2020-11-16 19:14:56.033186"]]
  [1m[35m (0.6ms)[0m  [1m[35mCOMMIT[0m
  [1m[35m (0.2ms)[0m  [1m[35mBEGIN[0m
  [1m[36mSong Create (0.8ms)[0m  [1m[32mINSERT INTO "songs" ("title", "artist_name", "time", "created_at", "updated_at") VALUES ($1, $2, $3, $4, $5) RETURNING "id"[0m  [["title", "Hesitate"], ["artist_name", "Golden Vessel, Emerson Leif"], ["time", "4:11"], ["created_at", "2020-11-16 19:14:56.038295"], ["updated_at", "2020-11-16 19:14:56.038295"]]
  [1m[35m (0.7ms)[0m  [1m[35mCOMMIT[0m
  [1m[35m (0.3ms)[0m  [1m[35mBEGIN[0m
  [1m[36mSong Create (1.0ms)[0m  [1m[32mINSERT INTO "songs" ("title", "artist_name", "time", "created_at", "updated_at") VALUES ($1, $2, $3, $4, $5) RETURNING "id"[0m  [["title", "Long Train Runnin"], ["artist_name", "The Doobie Brothers"], ["time", "3:27"], ["created_at", "2020-11-16 19:14:56.044949"], ["updated_at", "2020-11-16 19:14:56.044949"]]
  [1m[35m (2.2ms)[0m  [1m[35mCOMMIT[0m
  [1m[35m (0.3ms)[0m  [1m[35mBEGIN[0m
  [1m[36mSong Create (0.7ms)[0m  [1m[32mINSERT INTO "songs" ("title", "artist_name", "time", "created_at", "updated_at") VALUES ($1, $2, $3, $4, $5) RETURNING "id"[0m  [["title", "Welcome To The Jungle"], ["artist_name", "Guns N Roses"], ["time", "4:34"], ["created_at", "2020-11-16 19:14:56.053669"], ["updated_at", "2020-11-16 19:14:56.053669"]]
  [1m[35m (0.6ms)[0m  [1m[35mCOMMIT[0m
  [1m[35m (0.8ms)[0m  [1m[35mBEGIN[0m
  [1m[36mSong Create (0.8ms)[0m  [1m[32mINSERT INTO "songs" ("title", "artist_name", "time", "created_at", "updated_at") VALUES ($1, $2, $3, $4, $5) RETURNING "id"[0m  [["title", "Cocaine"], ["artist_name", "Eric Clapton"], ["time", "3:41"], ["created_at", "2020-11-16 19:14:56.060111"], ["updated_at", "2020-11-16 19:14:56.060111"]]
  [1m[35m (0.6ms)[0m  [1m[35mCOMMIT[0m
  [1m[35m (0.2ms)[0m  [1m[35mBEGIN[0m
  [1m[36mSong Create (0.5ms)[0m  [1m[32mINSERT INTO "songs" ("title", "artist_name", "time", "created_at", "updated_at") VALUES ($1, $2, $3, $4, $5) RETURNING "id"[0m  [["title", "(Dont Fear) The Reaper"], ["artist_name", "Blue Oyster Cult"], ["time", "5:08"], ["created_at", "2020-11-16 19:14:56.067182"], ["updated_at", "2020-11-16 19:14:56.067182"]]
  [1m[35m (0.5ms)[0m  [1m[35mCOMMIT[0m
  [1m[35m (0.3ms)[0m  [1m[35mBEGIN[0m
  [1m[36mSong Create (0.6ms)[0m  [1m[32mINSERT INTO "songs" ("title", "artist_name", "time", "created_at", "updated_at") VALUES ($1, $2, $3, $4, $5) RETURNING "id"[0m  [["title", "Fortunate Son"], ["artist_name", "Creedence Clearwater Revival"], ["time", "2:20"], ["created_at", "2020-11-16 19:14:56.072509"], ["updated_at", "2020-11-16 19:14:56.072509"]]
  [1m[35m (0.5ms)[0m  [1m[35mCOMMIT[0m
Started GET "/songs" for ::1 at 2020-11-16 11:15:08 -0800
  [1m[35m (27.7ms)[0m  [1m[34mSELECT "schema_migrations"."version" FROM "schema_migrations" ORDER BY "schema_migrations"."version" ASC[0m
Processing by SongsController#index as HTML
  [1m[36mSong Load (17.4ms)[0m  [1m[34mSELECT "songs".* FROM "songs"[0m
  ↳ app/controllers/songs_controller.rb:8:in `index'
Completed 200 OK in 94ms (Views: 26.3ms | ActiveRecord: 65.8ms | Allocations: 10781)


Started GET "/songs" for ::1 at 2020-11-16 11:16:23 -0800
Processing by SongsController#index as */*
  [1m[36mSong Load (54.6ms)[0m  [1m[34mSELECT "songs".* FROM "songs"[0m
  ↳ app/controllers/songs_controller.rb:8:in `index'
Completed 200 OK in 81ms (Views: 25.0ms | ActiveRecord: 54.6ms | Allocations: 6815)


Started DELETE "/songs/1" for ::1 at 2020-11-16 11:16:35 -0800
Processing by SongsController#destroy as */*
  Parameters: {"id"=>"1"}
  [1m[36mSong Load (6.6ms)[0m  [1m[34mSELECT "songs".* FROM "songs" WHERE "songs"."id" = $1 LIMIT $2[0m  [["id", 1], ["LIMIT", 1]]
  ↳ app/controllers/songs_controller.rb:44:in `set_song'
  [1m[35m (1.0ms)[0m  [1m[35mBEGIN[0m
  ↳ app/controllers/songs_controller.rb:38:in `destroy'
  [1m[36mSong Destroy (6.2ms)[0m  [1m[31mDELETE FROM "songs" WHERE "songs"."id" = $1[0m  [["id", 1]]
  ↳ app/controllers/songs_controller.rb:38:in `destroy'
  [1m[35m (5.2ms)[0m  [1m[35mCOMMIT[0m
  ↳ app/controllers/songs_controller.rb:38:in `destroy'
Completed 204 No Content in 84ms (ActiveRecord: 38.2ms | Allocations: 3987)


Started GET "/songs" for ::1 at 2020-11-16 11:16:43 -0800
Processing by SongsController#index as */*
  [1m[36mSong Load (2.7ms)[0m  [1m[34mSELECT "songs".* FROM "songs"[0m
  ↳ app/controllers/songs_controller.rb:8:in `index'
Completed 200 OK in 34ms (Views: 31.2ms | ActiveRecord: 2.7ms | Allocations: 6680)


